<?xml version="1.0" encoding="UTF-8"?>
<!-- Generated by org.testng.reporters.JUnitReportReporter -->
<testsuite hostname="DESKTOP-MT1FCIP" failures="0" tests="1" name="Tests.LindaNavTest" time="36.987" errors="0" timestamp="2024-07-31T13:57:52 EDT" skipped="0">
  <testcase classname="Tests.LindaNavTest" name="testHeyLindaApp" time="36.987"/>
</testsuite> <!-- Tests.LindaNavTest -->
