<?xml version="1.0" encoding="UTF-8"?>
<!-- Generated by org.testng.reporters.JUnitReportReporter -->
<testsuite hostname="DESKTOP-MT1FCIP" failures="0" tests="1" name="HeyLindaMeditateTest" time="147.386" errors="0" timestamp="2024-07-25T21:18:58 EDT" skipped="0">
  <testcase classname="HeyLindaMeditateTest" name="MeditateTest" time="147.386"/>
</testsuite> <!-- HeyLindaMeditateTest -->
