<?xml version="1.0" encoding="UTF-8"?>
<!-- Generated by org.testng.reporters.JUnitReportReporter -->
<testsuite hostname="DESKTOP-MT1FCIP" failures="0" tests="1" name="Tests.TrackProgressTest" time="0.000" errors="0" timestamp="2024-08-07T21:39:19 EDT" skipped="1">
  <testcase classname="Tests.TrackProgressTest" name="testHeyLindaApp" time="0.000">
    <skipped/>
  </testcase> <!-- testHeyLindaApp -->
</testsuite> <!-- Tests.TrackProgressTest -->
