<?xml version="1.0" encoding="UTF-8"?>
<!-- Generated by org.testng.reporters.JUnitReportReporter -->
<testsuite hostname="DESKTOP-MT1FCIP" failures="0" tests="1" name="Tests.EmulatorTest" time="337.502" errors="0" timestamp="2024-08-07T21:58:43 EDT" skipped="0">
  <testcase classname="Tests.EmulatorTest" name="test1" time="337.502"/>
</testsuite> <!-- Tests.EmulatorTest -->
