<?xml version="1.0" encoding="UTF-8"?>
<!-- Generated by org.testng.reporters.JUnitReportReporter -->
<testsuite hostname="DESKTOP-MT1FCIP" failures="0" tests="1" name="Tests.NewTestLindaApp" time="337.345" errors="0" timestamp="2024-08-07T22:08:30 EDT" skipped="0">
  <testcase classname="Tests.NewTestLindaApp" name="testHeyLindaApp" time="337.345"/>
</testsuite> <!-- Tests.NewTestLindaApp -->
