<?xml version="1.0" encoding="UTF-8"?>
<!-- Generated by org.testng.reporters.JUnitReportReporter -->
<testsuite hostname="DESKTOP-MT1FCIP" failures="0" tests="1" name="Tests.TrackProgressTest" time="346.703" errors="0" timestamp="2024-07-27T15:26:50 EDT" skipped="0">
  <testcase classname="Tests.TrackProgressTest" name="testHeyLindaApp" time="346.703"/>
</testsuite> <!-- Tests.TrackProgressTest -->
