<?xml version="1.0" encoding="UTF-8"?>
<!-- Generated by org.testng.reporters.JUnitReportReporter -->
<testsuite hostname="DESKTOP-MT1FCIP" failures="0" tests="1" name="Tests.EmulatorTest" time="341.447" errors="0" timestamp="2024-07-27T18:41:08 EDT" skipped="0">
  <testcase classname="Tests.EmulatorTest" name="test1" time="341.447"/>
</testsuite> <!-- Tests.EmulatorTest -->
