<?xml version="1.0" encoding="UTF-8"?>
<!-- Generated by org.testng.reporters.JUnitReportReporter -->
<testsuite hostname="DESKTOP-MT1FCIP" failures="0" tests="1" name="Tests.LindaNavTest" time="33.852" errors="0" timestamp="2024-08-07T22:36:39 EDT" skipped="0">
  <testcase classname="Tests.LindaNavTest" name="testHeyLindaApp" time="33.852"/>
</testsuite> <!-- Tests.LindaNavTest -->
