<?xml version="1.0" encoding="UTF-8"?>
<!-- Generated by org.testng.reporters.JUnitReportReporter -->
<testsuite hostname="DESKTOP-MT1FCIP" failures="0" tests="1" name="Tests.BaseTest" time="0.004" errors="0" timestamp="2024-07-25T20:11:32 EDT" skipped="0">
  <testcase classname="Tests.BaseTest" name="sampletest" time="0.004"/>
</testsuite> <!-- Tests.BaseTest -->
